Performing C SOURCE FILE Test CMAKE_HAVE_LIBC_PTHREAD failed with the following output:
Change Dir: /home/arijin/cuttle.auto/preProcess/catkin_label/build/cv_bridge/CMakeFiles/CMakeTmp

Run Build Command(s):/usr/bin/make -f Makefile cmTC_a93cb/fast && /usr/bin/make  -f CMakeFiles/cmTC_a93cb.dir/build.make CMakeFiles/cmTC_a93cb.dir/build
make[1]: 进入目录“/home/arijin/cuttle.auto/preProcess/catkin_label/build/cv_bridge/CMakeFiles/CMakeTmp”
Building C object CMakeFiles/cmTC_a93cb.dir/src.c.o
/usr/bin/cc -DCMAKE_HAVE_LIBC_PTHREAD   -o CMakeFiles/cmTC_a93cb.dir/src.c.o -c /home/arijin/cuttle.auto/preProcess/catkin_label/build/cv_bridge/CMakeFiles/CMakeTmp/src.c
Linking C executable cmTC_a93cb
/opt/cmake-3.21.4/bin/cmake -E cmake_link_script CMakeFiles/cmTC_a93cb.dir/link.txt --verbose=1
/usr/bin/cc -rdynamic CMakeFiles/cmTC_a93cb.dir/src.c.o -o cmTC_a93cb 
CMakeFiles/cmTC_a93cb.dir/src.c.o：在函数‘main’中：
src.c:(.text+0x3e)：对‘pthread_create’未定义的引用
src.c:(.text+0x4a)：对‘pthread_detach’未定义的引用
src.c:(.text+0x56)：对‘pthread_cancel’未定义的引用
src.c:(.text+0x67)：对‘pthread_join’未定义的引用
src.c:(.text+0x7b)：对‘pthread_atfork’未定义的引用
collect2: error: ld returned 1 exit status
CMakeFiles/cmTC_a93cb.dir/build.make:98: recipe for target 'cmTC_a93cb' failed
make[1]: *** [cmTC_a93cb] Error 1
make[1]: 离开目录“/home/arijin/cuttle.auto/preProcess/catkin_label/build/cv_bridge/CMakeFiles/CMakeTmp”
Makefile:127: recipe for target 'cmTC_a93cb/fast' failed
make: *** [cmTC_a93cb/fast] Error 2


Source file was:
#include <pthread.h>

static void* test_func(void* data)
{
  return data;
}

int main(void)
{
  pthread_t thread;
  pthread_create(&thread, NULL, test_func, NULL);
  pthread_detach(thread);
  pthread_cancel(thread);
  pthread_join(thread, NULL);
  pthread_atfork(NULL, NULL, NULL);
  pthread_exit(NULL);

  return 0;
}

Determining if the function pthread_create exists in the pthreads failed with the following output:
Change Dir: /home/arijin/cuttle.auto/preProcess/catkin_label/build/cv_bridge/CMakeFiles/CMakeTmp

Run Build Command(s):/usr/bin/make -f Makefile cmTC_28109/fast && /usr/bin/make  -f CMakeFiles/cmTC_28109.dir/build.make CMakeFiles/cmTC_28109.dir/build
make[1]: 进入目录“/home/arijin/cuttle.auto/preProcess/catkin_label/build/cv_bridge/CMakeFiles/CMakeTmp”
Building C object CMakeFiles/cmTC_28109.dir/CheckFunctionExists.c.o
/usr/bin/cc   -DCHECK_FUNCTION_EXISTS=pthread_create -o CMakeFiles/cmTC_28109.dir/CheckFunctionExists.c.o -c /opt/cmake-3.21.4/share/cmake-3.21/Modules/CheckFunctionExists.c
Linking C executable cmTC_28109
/opt/cmake-3.21.4/bin/cmake -E cmake_link_script CMakeFiles/cmTC_28109.dir/link.txt --verbose=1
/usr/bin/cc  -DCHECK_FUNCTION_EXISTS=pthread_create -rdynamic CMakeFiles/cmTC_28109.dir/CheckFunctionExists.c.o -o cmTC_28109  -lpthreads 
/usr/bin/ld: 找不到 -lpthreads
collect2: error: ld returned 1 exit status
CMakeFiles/cmTC_28109.dir/build.make:98: recipe for target 'cmTC_28109' failed
make[1]: *** [cmTC_28109] Error 1
make[1]: 离开目录“/home/arijin/cuttle.auto/preProcess/catkin_label/build/cv_bridge/CMakeFiles/CMakeTmp”
Makefile:127: recipe for target 'cmTC_28109/fast' failed
make: *** [cmTC_28109/fast] Error 2



