[  0%] Built target std_msgs_generate_messages_eus
[  0%] Built target sensor_msgs_generate_messages_lisp
[  0%] Built target sensor_msgs_generate_messages_cpp
[  0%] Built target geometry_msgs_generate_messages_py
[  0%] Built target sensor_msgs_generate_messages_py
[  0%] Built target sensor_msgs_generate_messages_eus
[  0%] Built target std_msgs_generate_messages_nodejs
[  0%] Built target sensor_msgs_generate_messages_nodejs
[  0%] Built target geometry_msgs_generate_messages_cpp
[  0%] Built target std_msgs_generate_messages_cpp
[  0%] Built target geometry_msgs_generate_messages_eus
[  0%] Built target std_msgs_generate_messages_py
[  0%] Built target std_msgs_generate_messages_lisp
[  0%] Built target geometry_msgs_generate_messages_lisp
[  0%] Built target geometry_msgs_generate_messages_nodejs
[35m[1mConsolidate compiler generated dependencies of target image_geometry[0m
[100%] Built target image_geometry
[36mInstall the project...[0m
-- Install configuration: ""
-- Up-to-date: /home/arijin/cuttle.auto/preProcess/catkin_label/install/_setup_util.py
-- Up-to-date: /home/arijin/cuttle.auto/preProcess/catkin_label/install/env.sh
-- Up-to-date: /home/arijin/cuttle.auto/preProcess/catkin_label/install/setup.bash
-- Up-to-date: /home/arijin/cuttle.auto/preProcess/catkin_label/install/local_setup.bash
-- Up-to-date: /home/arijin/cuttle.auto/preProcess/catkin_label/install/setup.sh
-- Up-to-date: /home/arijin/cuttle.auto/preProcess/catkin_label/install/local_setup.sh
-- Up-to-date: /home/arijin/cuttle.auto/preProcess/catkin_label/install/setup.zsh
-- Up-to-date: /home/arijin/cuttle.auto/preProcess/catkin_label/install/local_setup.zsh
-- Up-to-date: /home/arijin/cuttle.auto/preProcess/catkin_label/install/.rosinstall
-- Installing: /home/arijin/cuttle.auto/preProcess/catkin_label/install/lib/pkgconfig/image_geometry.pc
-- Installing: /home/arijin/cuttle.auto/preProcess/catkin_label/install/share/image_geometry/cmake/image_geometryConfig.cmake
-- Installing: /home/arijin/cuttle.auto/preProcess/catkin_label/install/share/image_geometry/cmake/image_geometryConfig-version.cmake
-- Installing: /home/arijin/cuttle.auto/preProcess/catkin_label/install/share/image_geometry/package.xml
+ cd /home/arijin/cuttle.auto/preProcess/catkin_label/src/robotx_label/vision_opencv/image_geometry
+ mkdir -p /home/arijin/cuttle.auto/preProcess/catkin_label/install/lib/python3/dist-packages
+ /usr/bin/env PYTHONPATH=/home/arijin/cuttle.auto/preProcess/catkin_label/install/lib/python3/dist-packages:/home/arijin/cuttle.auto/preProcess/catkin_label/build/image_geometry/lib/python3/dist-packages:/home/arijin/cuttle.auto/preProcess/catkin_label/install/lib/python3/dist-packages:/opt/ros/melodic/lib/python2.7/dist-packages CATKIN_BINARY_DIR=/home/arijin/cuttle.auto/preProcess/catkin_label/build/image_geometry /usr/bin/python3 /home/arijin/cuttle.auto/preProcess/catkin_label/src/robotx_label/vision_opencv/image_geometry/setup.py build --build-base /home/arijin/cuttle.auto/preProcess/catkin_label/build/image_geometry install --root=/ --install-layout=deb --prefix=/home/arijin/cuttle.auto/preProcess/catkin_label/install --install-scripts=/home/arijin/cuttle.auto/preProcess/catkin_label/install/bin
running build
running build_py
creating /home/arijin/cuttle.auto/preProcess/catkin_label/build/image_geometry/lib
creating /home/arijin/cuttle.auto/preProcess/catkin_label/build/image_geometry/lib/image_geometry
copying src/image_geometry/__init__.py -> /home/arijin/cuttle.auto/preProcess/catkin_label/build/image_geometry/lib/image_geometry
copying src/image_geometry/cameramodels.py -> /home/arijin/cuttle.auto/preProcess/catkin_label/build/image_geometry/lib/image_geometry
running install
running install_lib
creating /home/arijin/cuttle.auto/preProcess/catkin_label/install/lib/python3/dist-packages/image_geometry
copying /home/arijin/cuttle.auto/preProcess/catkin_label/build/image_geometry/lib/image_geometry/__init__.py -> /home/arijin/cuttle.auto/preProcess/catkin_label/install/lib/python3/dist-packages/image_geometry
copying /home/arijin/cuttle.auto/preProcess/catkin_label/build/image_geometry/lib/image_geometry/cameramodels.py -> /home/arijin/cuttle.auto/preProcess/catkin_label/install/lib/python3/dist-packages/image_geometry
byte-compiling /home/arijin/cuttle.auto/preProcess/catkin_label/install/lib/python3/dist-packages/image_geometry/__init__.py to __init__.cpython-36.pyc
byte-compiling /home/arijin/cuttle.auto/preProcess/catkin_label/install/lib/python3/dist-packages/image_geometry/cameramodels.py to cameramodels.cpython-36.pyc
running install_egg_info
Writing /home/arijin/cuttle.auto/preProcess/catkin_label/install/lib/python3/dist-packages/image_geometry-1.13.0.egg-info
-- Installing: /home/arijin/cuttle.auto/preProcess/catkin_label/install/include/image_geometry/
-- Installing: /home/arijin/cuttle.auto/preProcess/catkin_label/install/include/image_geometry//stereo_camera_model.h
-- Installing: /home/arijin/cuttle.auto/preProcess/catkin_label/install/include/image_geometry//pinhole_camera_model.h
-- Installing: /home/arijin/cuttle.auto/preProcess/catkin_label/install/lib/libimage_geometry.so
-- Set runtime path of "/home/arijin/cuttle.auto/preProcess/catkin_label/install/lib/libimage_geometry.so" to ""
