[  0%] Built target sensor_msgs_generate_messages_nodejs
[  0%] Built target geometry_msgs_generate_messages_nodejs
[  0%] Built target std_msgs_generate_messages_nodejs
[  0%] Built target gazebo_msgs_generate_messages_nodejs
[  0%] Built target _water_msgs_generate_messages_check_deps_ShipState
[  0%] Built target gazebo_msgs_generate_messages_py
[  0%] Built target std_msgs_generate_messages_py
[  0%] Built target sensor_msgs_generate_messages_py
[  0%] Built target _water_msgs_generate_messages_check_deps_gpsPacket
[  0%] Built target geometry_msgs_generate_messages_py
[  0%] Built target sensor_msgs_generate_messages_cpp
[  0%] Built target gazebo_msgs_generate_messages_cpp
[  0%] Built target std_msgs_generate_messages_cpp
[  0%] Built target geometry_msgs_generate_messages_cpp
[  0%] Built target std_msgs_generate_messages_eus
[  0%] Built target gazebo_msgs_generate_messages_eus
[  0%] Built target geometry_msgs_generate_messages_eus
[  0%] Built target sensor_msgs_generate_messages_eus
[  0%] Built target std_msgs_generate_messages_lisp
[  0%] Built target geometry_msgs_generate_messages_lisp
[  0%] Built target gazebo_msgs_generate_messages_lisp
[  0%] Built target sensor_msgs_generate_messages_lisp
[  8%] [34m[1mGenerating Python from MSG water_msgs/ShipState[0m
[ 16%] [34m[1mGenerating Javascript code from water_msgs/ShipState.msg[0m
[ 25%] [34m[1mGenerating C++ code from water_msgs/ShipState.msg[0m
[ 33%] [34m[1mGenerating Javascript code from water_msgs/gpsPacket.msg[0m
[ 41%] [34m[1mGenerating Python from MSG water_msgs/gpsPacket[0m
[ 41%] Built target water_msgs_generate_messages_nodejs
[ 58%] [34m[1mGenerating C++ code from water_msgs/gpsPacket.msg[0m
[ 58%] [34m[1mGenerating EusLisp code from water_msgs/ShipState.msg[0m
[ 66%] [34m[1mGenerating Python msg __init__.py for water_msgs[0m
[ 75%] [34m[1mGenerating EusLisp code from water_msgs/gpsPacket.msg[0m
[ 75%] Built target water_msgs_generate_messages_cpp
[ 75%] Built target water_msgs_generate_messages_py
[ 91%] [34m[1mGenerating Lisp code from water_msgs/ShipState.msg[0m
[ 91%] [34m[1mGenerating EusLisp manifest code for water_msgs[0m
[100%] [34m[1mGenerating Lisp code from water_msgs/gpsPacket.msg[0m
[100%] Built target water_msgs_generate_messages_lisp
[100%] Built target water_msgs_generate_messages_eus
[100%] Built target water_msgs_generate_messages
