Linked: (/home/arijin/cuttle.auto/preProcess/catkin_label/devel/.private/water_msgs/lib/python3/dist-packages/water_msgs/__init__.py, /home/arijin/cuttle.auto/preProcess/catkin_label/devel/lib/python3/dist-packages/water_msgs/__init__.py)
Linked: (/home/arijin/cuttle.auto/preProcess/catkin_label/devel/.private/water_msgs/lib/python3/dist-packages/water_msgs/msg/__init__.py, /home/arijin/cuttle.auto/preProcess/catkin_label/devel/lib/python3/dist-packages/water_msgs/msg/__init__.py)
Linked: (/home/arijin/cuttle.auto/preProcess/catkin_label/devel/.private/water_msgs/lib/python3/dist-packages/water_msgs/msg/_gpsPacket.py, /home/arijin/cuttle.auto/preProcess/catkin_label/devel/lib/python3/dist-packages/water_msgs/msg/_gpsPacket.py)
Linked: (/home/arijin/cuttle.auto/preProcess/catkin_label/devel/.private/water_msgs/lib/python3/dist-packages/water_msgs/msg/_ShipState.py, /home/arijin/cuttle.auto/preProcess/catkin_label/devel/lib/python3/dist-packages/water_msgs/msg/_ShipState.py)
Symlinking /home/arijin/cuttle.auto/preProcess/catkin_label/devel/lib/python3/dist-packages/water_msgs/msg/__pycache__/_gpsPacket.cpython-36.pyc
Symlinking /home/arijin/cuttle.auto/preProcess/catkin_label/devel/lib/python3/dist-packages/water_msgs/msg/__pycache__/_ShipState.cpython-36.pyc
Symlinking /home/arijin/cuttle.auto/preProcess/catkin_label/devel/lib/python3/dist-packages/water_msgs/msg/__pycache__/__init__.cpython-36.pyc
Symlinking /home/arijin/cuttle.auto/preProcess/catkin_label/devel/lib/python3/dist-packages/water_msgs/__pycache__/__init__.cpython-36.pyc
Linked: (/home/arijin/cuttle.auto/preProcess/catkin_label/devel/.private/water_msgs/lib/pkgconfig/water_msgs.pc, /home/arijin/cuttle.auto/preProcess/catkin_label/devel/lib/pkgconfig/water_msgs.pc)
Linked: (/home/arijin/cuttle.auto/preProcess/catkin_label/devel/.private/water_msgs/include/water_msgs/gpsPacket.h, /home/arijin/cuttle.auto/preProcess/catkin_label/devel/include/water_msgs/gpsPacket.h)
Linked: (/home/arijin/cuttle.auto/preProcess/catkin_label/devel/.private/water_msgs/include/water_msgs/ShipState.h, /home/arijin/cuttle.auto/preProcess/catkin_label/devel/include/water_msgs/ShipState.h)
Linked: (/home/arijin/cuttle.auto/preProcess/catkin_label/devel/.private/water_msgs/share/water_msgs/cmake/water_msgsConfig.cmake, /home/arijin/cuttle.auto/preProcess/catkin_label/devel/share/water_msgs/cmake/water_msgsConfig.cmake)
Linked: (/home/arijin/cuttle.auto/preProcess/catkin_label/devel/.private/water_msgs/share/water_msgs/cmake/water_msgsConfig-version.cmake, /home/arijin/cuttle.auto/preProcess/catkin_label/devel/share/water_msgs/cmake/water_msgsConfig-version.cmake)
Linked: (/home/arijin/cuttle.auto/preProcess/catkin_label/devel/.private/water_msgs/share/water_msgs/cmake/water_msgs-msg-paths.cmake, /home/arijin/cuttle.auto/preProcess/catkin_label/devel/share/water_msgs/cmake/water_msgs-msg-paths.cmake)
Linked: (/home/arijin/cuttle.auto/preProcess/catkin_label/devel/.private/water_msgs/share/water_msgs/cmake/water_msgs-msg-extras.cmake, /home/arijin/cuttle.auto/preProcess/catkin_label/devel/share/water_msgs/cmake/water_msgs-msg-extras.cmake)
Linked: (/home/arijin/cuttle.auto/preProcess/catkin_label/devel/.private/water_msgs/share/gennodejs/ros/water_msgs/_index.js, /home/arijin/cuttle.auto/preProcess/catkin_label/devel/share/gennodejs/ros/water_msgs/_index.js)
Linked: (/home/arijin/cuttle.auto/preProcess/catkin_label/devel/.private/water_msgs/share/gennodejs/ros/water_msgs/msg/gpsPacket.js, /home/arijin/cuttle.auto/preProcess/catkin_label/devel/share/gennodejs/ros/water_msgs/msg/gpsPacket.js)
Linked: (/home/arijin/cuttle.auto/preProcess/catkin_label/devel/.private/water_msgs/share/gennodejs/ros/water_msgs/msg/ShipState.js, /home/arijin/cuttle.auto/preProcess/catkin_label/devel/share/gennodejs/ros/water_msgs/msg/ShipState.js)
Linked: (/home/arijin/cuttle.auto/preProcess/catkin_label/devel/.private/water_msgs/share/gennodejs/ros/water_msgs/msg/_index.js, /home/arijin/cuttle.auto/preProcess/catkin_label/devel/share/gennodejs/ros/water_msgs/msg/_index.js)
Linked: (/home/arijin/cuttle.auto/preProcess/catkin_label/devel/.private/water_msgs/share/roseus/ros/water_msgs/manifest.l, /home/arijin/cuttle.auto/preProcess/catkin_label/devel/share/roseus/ros/water_msgs/manifest.l)
Linked: (/home/arijin/cuttle.auto/preProcess/catkin_label/devel/.private/water_msgs/share/roseus/ros/water_msgs/msg/gpsPacket.l, /home/arijin/cuttle.auto/preProcess/catkin_label/devel/share/roseus/ros/water_msgs/msg/gpsPacket.l)
Linked: (/home/arijin/cuttle.auto/preProcess/catkin_label/devel/.private/water_msgs/share/roseus/ros/water_msgs/msg/ShipState.l, /home/arijin/cuttle.auto/preProcess/catkin_label/devel/share/roseus/ros/water_msgs/msg/ShipState.l)
Linked: (/home/arijin/cuttle.auto/preProcess/catkin_label/devel/.private/water_msgs/share/common-lisp/ros/water_msgs/msg/gpsPacket.lisp, /home/arijin/cuttle.auto/preProcess/catkin_label/devel/share/common-lisp/ros/water_msgs/msg/gpsPacket.lisp)
Linked: (/home/arijin/cuttle.auto/preProcess/catkin_label/devel/.private/water_msgs/share/common-lisp/ros/water_msgs/msg/water_msgs-msg.asd, /home/arijin/cuttle.auto/preProcess/catkin_label/devel/share/common-lisp/ros/water_msgs/msg/water_msgs-msg.asd)
Linked: (/home/arijin/cuttle.auto/preProcess/catkin_label/devel/.private/water_msgs/share/common-lisp/ros/water_msgs/msg/ShipState.lisp, /home/arijin/cuttle.auto/preProcess/catkin_label/devel/share/common-lisp/ros/water_msgs/msg/ShipState.lisp)
Linked: (/home/arijin/cuttle.auto/preProcess/catkin_label/devel/.private/water_msgs/share/common-lisp/ros/water_msgs/msg/_package_gpsPacket.lisp, /home/arijin/cuttle.auto/preProcess/catkin_label/devel/share/common-lisp/ros/water_msgs/msg/_package_gpsPacket.lisp)
Linked: (/home/arijin/cuttle.auto/preProcess/catkin_label/devel/.private/water_msgs/share/common-lisp/ros/water_msgs/msg/_package_ShipState.lisp, /home/arijin/cuttle.auto/preProcess/catkin_label/devel/share/common-lisp/ros/water_msgs/msg/_package_ShipState.lisp)
Linked: (/home/arijin/cuttle.auto/preProcess/catkin_label/devel/.private/water_msgs/share/common-lisp/ros/water_msgs/msg/_package.lisp, /home/arijin/cuttle.auto/preProcess/catkin_label/devel/share/common-lisp/ros/water_msgs/msg/_package.lisp)
