Symlinking /home/arijin/cuttle.auto/preProcess/catkin_label/devel/lib/python3/dist-packages/water_msgs/__init__.py
Symlinking /home/arijin/cuttle.auto/preProcess/catkin_label/devel/lib/python3/dist-packages/water_msgs/msg/__init__.py
Symlinking /home/arijin/cuttle.auto/preProcess/catkin_label/devel/lib/python3/dist-packages/water_msgs/msg/_gpsPacket.py
Symlinking /home/arijin/cuttle.auto/preProcess/catkin_label/devel/lib/python3/dist-packages/water_msgs/msg/_ShipState.py
Symlinking /home/arijin/cuttle.auto/preProcess/catkin_label/devel/lib/pkgconfig/water_msgs.pc
Symlinking /home/arijin/cuttle.auto/preProcess/catkin_label/devel/include/water_msgs/gpsPacket.h
Symlinking /home/arijin/cuttle.auto/preProcess/catkin_label/devel/include/water_msgs/ShipState.h
Symlinking /home/arijin/cuttle.auto/preProcess/catkin_label/devel/share/water_msgs/cmake/water_msgsConfig.cmake
Symlinking /home/arijin/cuttle.auto/preProcess/catkin_label/devel/share/water_msgs/cmake/water_msgsConfig-version.cmake
Symlinking /home/arijin/cuttle.auto/preProcess/catkin_label/devel/share/water_msgs/cmake/water_msgs-msg-paths.cmake
Symlinking /home/arijin/cuttle.auto/preProcess/catkin_label/devel/share/water_msgs/cmake/water_msgs-msg-extras.cmake
Symlinking /home/arijin/cuttle.auto/preProcess/catkin_label/devel/share/gennodejs/ros/water_msgs/_index.js
Symlinking /home/arijin/cuttle.auto/preProcess/catkin_label/devel/share/gennodejs/ros/water_msgs/msg/gpsPacket.js
Symlinking /home/arijin/cuttle.auto/preProcess/catkin_label/devel/share/gennodejs/ros/water_msgs/msg/ShipState.js
Symlinking /home/arijin/cuttle.auto/preProcess/catkin_label/devel/share/gennodejs/ros/water_msgs/msg/_index.js
Symlinking /home/arijin/cuttle.auto/preProcess/catkin_label/devel/share/roseus/ros/water_msgs/manifest.l
Symlinking /home/arijin/cuttle.auto/preProcess/catkin_label/devel/share/roseus/ros/water_msgs/msg/gpsPacket.l
Symlinking /home/arijin/cuttle.auto/preProcess/catkin_label/devel/share/roseus/ros/water_msgs/msg/ShipState.l
Symlinking /home/arijin/cuttle.auto/preProcess/catkin_label/devel/share/common-lisp/ros/water_msgs/msg/gpsPacket.lisp
Symlinking /home/arijin/cuttle.auto/preProcess/catkin_label/devel/share/common-lisp/ros/water_msgs/msg/water_msgs-msg.asd
Symlinking /home/arijin/cuttle.auto/preProcess/catkin_label/devel/share/common-lisp/ros/water_msgs/msg/ShipState.lisp
Symlinking /home/arijin/cuttle.auto/preProcess/catkin_label/devel/share/common-lisp/ros/water_msgs/msg/_package_gpsPacket.lisp
Symlinking /home/arijin/cuttle.auto/preProcess/catkin_label/devel/share/common-lisp/ros/water_msgs/msg/_package_ShipState.lisp
Symlinking /home/arijin/cuttle.auto/preProcess/catkin_label/devel/share/common-lisp/ros/water_msgs/msg/_package.lisp
